app/build/intermediates/manifest_merge_blame_file/proRelease/manifest-merger-blame-pro-release-report.txt
1<?xml version="1.0" encoding="utf-8"?>
2<manifest xmlns:android="http://schemas.android.com/apk/res/android"
3    package="com.nanowheel.nanoux.nanowheel.pro"
4    android:versionCode="33"
5    android:versionName="2.1-pro" >
6
7    <uses-sdk
8        android:minSdkVersion="21"
9        android:targetSdkVersion="29" />
10
11    <uses-feature
11-->src/main/AndroidManifest.xml:6:5-8:35
12        android:name="android.hardware.bluetooth_le"
12-->src/main/AndroidManifest.xml:7:9-53
13        android:required="true" />
13-->src/main/AndroidManifest.xml:8:9-32
14
15    <uses-permission android:name="android.permission.BLUETOOTH" />
15-->src/main/AndroidManifest.xml:10:5-68
15-->src/main/AndroidManifest.xml:10:22-65
16    <uses-permission android:name="android.permission.BLUETOOTH_ADMIN" />
16-->src/main/AndroidManifest.xml:11:5-74
16-->src/main/AndroidManifest.xml:11:22-71
17    <uses-permission android:name="android.permission.ACCESS_COARSE_LOCATION" />
17-->src/main/AndroidManifest.xml:12:5-81
17-->src/main/AndroidManifest.xml:12:22-78
18    <uses-permission android:name="android.permission.ACCESS_FINE_LOCATION" />
18-->src/main/AndroidManifest.xml:13:5-79
18-->src/main/AndroidManifest.xml:13:22-76
19    <uses-permission android:name="android.permission.FOREGROUND_SERVICE" />
19-->src/main/AndroidManifest.xml:14:5-77
19-->src/main/AndroidManifest.xml:14:22-74
20    <uses-permission android:name="android.permission.SYSTEM_ALERT_WINDOW" />
20-->src/pro/AndroidManifest.xml:15:5-77
20-->src/pro/AndroidManifest.xml:15:22-75
21    <uses-permission android:name="android.permission.INTERNET" />
21-->src/main/AndroidManifest.xml:15:5-67
21-->src/main/AndroidManifest.xml:15:22-64
22    <uses-permission android:name="android.permission.CHANGE_NETWORK_STATE" /> <!-- Include required permissions for Google Maps API to run. -->
22-->src/main/AndroidManifest.xml:16:5-79
22-->src/main/AndroidManifest.xml:16:22-76
23    <uses-permission android:name="android.permission.ACCESS_NETWORK_STATE" />
23-->[com.google.android.gms:play-services-maps:17.0.0] AndroidManifest.xml:23:5-79
23-->[com.google.android.gms:play-services-maps:17.0.0] AndroidManifest.xml:23:22-76
24
25    <uses-feature
25-->[com.google.android.gms:play-services-maps:17.0.0] AndroidManifest.xml:26:5-28:35
26        android:glEsVersion="0x00020000"
26-->[com.google.android.gms:play-services-maps:17.0.0] AndroidManifest.xml:27:9-41
27        android:required="true" />
27-->[com.google.android.gms:play-services-maps:17.0.0] AndroidManifest.xml:28:9-32
28
29    <application
29-->src/main/AndroidManifest.xml:18:5-48:19
30        android:allowBackup="true"
30-->src/main/AndroidManifest.xml:19:9-35
31        android:appComponentFactory="androidx.core.app.CoreComponentFactory"
31-->[androidx.core:core:1.1.0-rc01] AndroidManifest.xml:24:18-86
32        android:icon="@mipmap/ic_launcher_dark"
32-->src/pro/AndroidManifest.xml:19:9-48
33        android:label="@string/app_name"
33-->src/main/AndroidManifest.xml:20:9-41
34        android:roundIcon="@mipmap/ic_launcher_dark_round"
34-->src/pro/AndroidManifest.xml:21:9-59
35        android:supportsRtl="true"
35-->src/main/AndroidManifest.xml:21:9-35
36        android:theme="@style/MyTheme.DayNight" >
36-->src/main/AndroidManifest.xml:22:9-48
37        <activity android:name="com.nanowheel.nanoux.nanowheel.SplashActivity" >
37-->src/main/AndroidManifest.xml:29:9-35:20
37-->src/main/AndroidManifest.xml:29:19-49
38            <intent-filter>
38-->src/main/AndroidManifest.xml:30:13-34:29
39                <action android:name="android.intent.action.MAIN" />
39-->src/main/AndroidManifest.xml:31:17-69
39-->src/main/AndroidManifest.xml:31:25-66
40
41                <category android:name="android.intent.category.LAUNCHER" />
41-->src/main/AndroidManifest.xml:33:17-77
41-->src/main/AndroidManifest.xml:33:27-74
42            </intent-filter>
43        </activity>
44        <activity android:name="com.nanowheel.nanoux.nanowheel.MainActivity" />
44-->src/main/AndroidManifest.xml:36:9-59
44-->src/main/AndroidManifest.xml:36:19-47
45
46        <receiver
46-->src/pro/AndroidManifest.xml:36:9-47:20
47            android:name="com.nanowheel.nanoux.nanowheel.Widgets.WidgetBatteryBar"
47-->src/pro/AndroidManifest.xml:37:13-53
48            android:label="Battery Bar" >
48-->src/pro/AndroidManifest.xml:38:13-40
49            <intent-filter>
49-->src/pro/AndroidManifest.xml:39:13-42:29
50                <action android:name="android.appwidget.action.APPWIDGET_UPDATE" />
50-->src/pro/AndroidManifest.xml:40:17-84
50-->src/pro/AndroidManifest.xml:40:25-81
51                <action android:name="android.appwidget.action.APPWIDGET_BINDSERVICE" />
51-->src/pro/AndroidManifest.xml:41:17-89
51-->src/pro/AndroidManifest.xml:41:25-86
52            </intent-filter>
53
54            <meta-data
54-->src/pro/AndroidManifest.xml:44:13-46:70
55                android:name="android.appwidget.provider"
55-->src/pro/AndroidManifest.xml:45:17-58
56                android:resource="@xml/widget_battery_circle_info" />
56-->src/pro/AndroidManifest.xml:46:17-67
57        </receiver>
58
59        <activity android:name="com.nanowheel.nanoux.nanowheel.Widgets.WidgetBatteryBarConfigureActivity" >
59-->src/pro/AndroidManifest.xml:49:9-53:20
59-->src/pro/AndroidManifest.xml:49:19-76
60            <intent-filter>
60-->src/pro/AndroidManifest.xml:50:13-52:29
61                <action android:name="android.appwidget.action.APPWIDGET_CONFIGURE" />
61-->src/pro/AndroidManifest.xml:51:17-87
61-->src/pro/AndroidManifest.xml:51:25-84
62            </intent-filter>
63        </activity>
64
65        <service
65-->src/main/AndroidManifest.xml:38:9-40:72
66            android:name="com.nanowheel.nanoux.nanowheel.util.BluetoothService"
66-->src/main/AndroidManifest.xml:39:13-50
67            android:permission="android.permission.BIND_JOB_SERVICE" />
67-->src/main/AndroidManifest.xml:40:13-69
68
69        <receiver android:name="com.nanowheel.nanoux.nanowheel.util.BroadcastReciever" >
69-->src/main/AndroidManifest.xml:42:9-47:20
69-->src/main/AndroidManifest.xml:42:19-57
70            <intent-filter>
70-->src/main/AndroidManifest.xml:43:13-46:29
71                <action android:name="com.nanowheel.nanoux.nanowheel.BLUETOOTH_CANCEL" />
71-->src/main/AndroidManifest.xml:44:17-90
71-->src/main/AndroidManifest.xml:44:25-87
72                <action android:name="com.nanowheel.nanoux.nanowheel.LIGHTS" />
72-->src/main/AndroidManifest.xml:45:17-80
72-->src/main/AndroidManifest.xml:45:25-77
73            </intent-filter>
74        </receiver>
75        <receiver
75-->src/pro/AndroidManifest.xml:65:9-75:20
76            android:name="com.nanowheel.nanoux.nanowheel.Widgets.WidgetSpeedGauge"
76-->src/pro/AndroidManifest.xml:66:13-53
77            android:label="Speed Gauge" >
77-->src/pro/AndroidManifest.xml:67:13-40
78            <intent-filter>
78-->src/pro/AndroidManifest.xml:68:13-70:29
79                <action android:name="android.appwidget.action.APPWIDGET_UPDATE" />
79-->src/pro/AndroidManifest.xml:40:17-84
79-->src/pro/AndroidManifest.xml:40:25-81
80            </intent-filter>
81
82            <meta-data
82-->src/pro/AndroidManifest.xml:44:13-46:70
83                android:name="android.appwidget.provider"
83-->src/pro/AndroidManifest.xml:45:17-58
84                android:resource="@xml/widget_speed_gauge_info" />
84-->src/pro/AndroidManifest.xml:46:17-67
85        </receiver>
86
87        <activity android:name="com.nanowheel.nanoux.nanowheel.Widgets.WidgetSpeedGaugeConfigureActivity" >
87-->src/pro/AndroidManifest.xml:77:9-81:20
87-->src/pro/AndroidManifest.xml:77:19-76
88            <intent-filter>
88-->src/pro/AndroidManifest.xml:50:13-52:29
89                <action android:name="android.appwidget.action.APPWIDGET_CONFIGURE" />
89-->src/pro/AndroidManifest.xml:51:17-87
89-->src/pro/AndroidManifest.xml:51:25-84
90            </intent-filter>
91        </activity>
92
93        <receiver
93-->src/pro/AndroidManifest.xml:83:9-93:20
94            android:name="com.nanowheel.nanoux.nanowheel.Widgets.WidgetRangeGauge"
94-->src/pro/AndroidManifest.xml:84:13-53
95            android:label="Range Gauge" >
95-->src/pro/AndroidManifest.xml:85:13-40
96            <intent-filter>
96-->src/pro/AndroidManifest.xml:68:13-70:29
97                <action android:name="android.appwidget.action.APPWIDGET_UPDATE" />
97-->src/pro/AndroidManifest.xml:40:17-84
97-->src/pro/AndroidManifest.xml:40:25-81
98            </intent-filter>
99
100            <meta-data
100-->src/pro/AndroidManifest.xml:44:13-46:70
101                android:name="android.appwidget.provider"
101-->src/pro/AndroidManifest.xml:45:17-58
102                android:resource="@xml/widget_range_gauge_info" />
102-->src/pro/AndroidManifest.xml:46:17-67
103        </receiver>
104
105        <activity android:name="com.nanowheel.nanoux.nanowheel.Widgets.WidgetRangeGaugeConfigureActivity" >
105-->src/pro/AndroidManifest.xml:95:9-99:20
105-->src/pro/AndroidManifest.xml:95:19-76
106            <intent-filter>
106-->src/pro/AndroidManifest.xml:50:13-52:29
107                <action android:name="android.appwidget.action.APPWIDGET_CONFIGURE" />
107-->src/pro/AndroidManifest.xml:51:17-87
107-->src/pro/AndroidManifest.xml:51:25-84
108            </intent-filter>
109        </activity>
110
111        <receiver
111-->src/pro/AndroidManifest.xml:101:9-111:20
112            android:name="com.nanowheel.nanoux.nanowheel.Widgets.WidgetVoltageGauge"
112-->src/pro/AndroidManifest.xml:102:13-55
113            android:label="Voltage Gauge" >
113-->src/pro/AndroidManifest.xml:103:13-42
114            <intent-filter>
114-->src/pro/AndroidManifest.xml:68:13-70:29
115                <action android:name="android.appwidget.action.APPWIDGET_UPDATE" />
115-->src/pro/AndroidManifest.xml:40:17-84
115-->src/pro/AndroidManifest.xml:40:25-81
116            </intent-filter>
117
118            <meta-data
118-->src/pro/AndroidManifest.xml:44:13-46:70
119                android:name="android.appwidget.provider"
119-->src/pro/AndroidManifest.xml:45:17-58
120                android:resource="@xml/widget_voltage_gauge_info" />
120-->src/pro/AndroidManifest.xml:46:17-67
121        </receiver>
122
123        <activity android:name="com.nanowheel.nanoux.nanowheel.Widgets.WidgetVoltageGaugeConfigureActivity" >
123-->src/pro/AndroidManifest.xml:113:9-117:20
123-->src/pro/AndroidManifest.xml:113:19-78
124            <intent-filter>
124-->src/pro/AndroidManifest.xml:50:13-52:29
125                <action android:name="android.appwidget.action.APPWIDGET_CONFIGURE" />
125-->src/pro/AndroidManifest.xml:51:17-87
125-->src/pro/AndroidManifest.xml:51:25-84
126            </intent-filter>
127        </activity>
128        <!--
129             The API key for Google Maps-based APIs is defined as a string resource.
130             (See the file "res/values/google_maps_api.xml").
131             Note that the API key is linked to the encryption key used to sign the APK.
132             You need a different API key for each encryption key, including the release key that is used to
133             sign the APK for publishing.
134             You can define the keys for the debug and release targets in src/debug/ and src/release/.
135        -->
136        <meta-data
136-->src/pro/AndroidManifest.xml:126:9-128:47
137            android:name="com.google.android.geo.API_KEY"
137-->src/pro/AndroidManifest.xml:127:13-58
138            android:value="@string/api_key" />
138-->src/pro/AndroidManifest.xml:128:13-44
139
140        <uses-library
140-->src/pro/AndroidManifest.xml:130:9-132:40
141            android:name="org.apache.http.legacy"
141-->src/pro/AndroidManifest.xml:131:13-50
142            android:required="false" />
142-->src/pro/AndroidManifest.xml:132:13-37
143
144        <receiver
144-->src/pro/AndroidManifest.xml:134:9-143:20
145            android:name="com.nanowheel.nanoux.nanowheel.Widgets.WidgetLogToggle"
145-->src/pro/AndroidManifest.xml:134:19-58
146            android:label="Log Trips Toggle" >
146-->src/pro/AndroidManifest.xml:135:13-45
147            <intent-filter>
147-->src/pro/AndroidManifest.xml:68:13-70:29
148                <action android:name="android.appwidget.action.APPWIDGET_UPDATE" />
148-->src/pro/AndroidManifest.xml:40:17-84
148-->src/pro/AndroidManifest.xml:40:25-81
149            </intent-filter>
150
151            <meta-data
151-->src/pro/AndroidManifest.xml:44:13-46:70
152                android:name="android.appwidget.provider"
152-->src/pro/AndroidManifest.xml:45:17-58
153                android:resource="@xml/widget_log_toggle_info" />
153-->src/pro/AndroidManifest.xml:46:17-67
154        </receiver>
155
156        <activity android:name="com.nanowheel.nanoux.nanowheel.Widgets.WidgetLogToggleConfigureActivity" >
156-->src/pro/AndroidManifest.xml:145:9-149:20
156-->src/pro/AndroidManifest.xml:145:19-75
157            <intent-filter>
157-->src/pro/AndroidManifest.xml:50:13-52:29
158                <action android:name="android.appwidget.action.APPWIDGET_CONFIGURE" />
158-->src/pro/AndroidManifest.xml:51:17-87
158-->src/pro/AndroidManifest.xml:51:25-84
159            </intent-filter>
160        </activity>
161        <activity
161-->src/main/AndroidManifest.xml:24:9-28:20
162            android:name="com.nanowheel.nanoux.nanowheel.BubbleActivity"
162-->src/main/AndroidManifest.xml:24:19-49
163            android:allowEmbedded="true"
163-->src/main/AndroidManifest.xml:25:13-41
164            android:documentLaunchMode="always"
164-->src/main/AndroidManifest.xml:26:13-48
165            android:resizeableActivity="true" >
165-->src/main/AndroidManifest.xml:27:13-46
166        </activity>
167
168        <service
168-->[androidx.room:room-runtime:2.1.0] AndroidManifest.xml:25:9-27:40
169            android:name="androidx.room.MultiInstanceInvalidationService"
169-->[androidx.room:room-runtime:2.1.0] AndroidManifest.xml:26:13-74
170            android:exported="false" />
170-->[androidx.room:room-runtime:2.1.0] AndroidManifest.xml:27:13-37
171
172        <activity
172-->[com.google.android.gms:play-services-base:17.0.0] AndroidManifest.xml:23:9-26:75
173            android:name="com.google.android.gms.common.api.GoogleApiActivity"
173-->[com.google.android.gms:play-services-base:17.0.0] AndroidManifest.xml:24:13-79
174            android:exported="false"
174-->[com.google.android.gms:play-services-base:17.0.0] AndroidManifest.xml:25:13-37
175            android:theme="@android:style/Theme.Translucent.NoTitleBar" />
175-->[com.google.android.gms:play-services-base:17.0.0] AndroidManifest.xml:26:13-72
176
177        <meta-data
177-->[com.google.android.gms:play-services-basement:17.0.0] AndroidManifest.xml:23:9-25:69
178            android:name="com.google.android.gms.version"
178-->[com.google.android.gms:play-services-basement:17.0.0] AndroidManifest.xml:24:13-58
179            android:value="@integer/google_play_services_version" />
179-->[com.google.android.gms:play-services-basement:17.0.0] AndroidManifest.xml:25:13-66
180
181        <provider
181-->[androidx.lifecycle:lifecycle-process:2.0.0] AndroidManifest.xml:23:9-27:43
182            android:name="androidx.lifecycle.ProcessLifecycleOwnerInitializer"
182-->[androidx.lifecycle:lifecycle-process:2.0.0] AndroidManifest.xml:24:13-79
183            android:authorities="com.nanowheel.nanoux.nanowheel.pro.lifecycle-process"
183-->[androidx.lifecycle:lifecycle-process:2.0.0] AndroidManifest.xml:25:13-69
184            android:exported="false"
184-->[androidx.lifecycle:lifecycle-process:2.0.0] AndroidManifest.xml:26:13-37
185            android:multiprocess="true" />
185-->[androidx.lifecycle:lifecycle-process:2.0.0] AndroidManifest.xml:27:13-40
186    </application>
187
188</manifest>